<?xml version="1.0" encoding="UTF-8"?>
<!-- Generated by org.testng.reporters.JUnitReportReporter -->
<testsuite skipped="0" hostname="01-012095" name="ossi.com.qa.testcases.AddReviewerPageTest" tests="3" failures="0" timestamp="04 May 2020 12:26:59 GMT" time="50.367" errors="0">
  <testcase name="verifyAddReviewerLabelTest" time="16.007" classname="ossi.com.qa.testcases.AddReviewerPageTest"/>
  <testcase name="verifyAddReviewerData" time="16.974" classname="ossi.com.qa.testcases.AddReviewerPageTest"/>
  <testcase name="verifyAddReviewerData" time="17.386" classname="ossi.com.qa.testcases.AddReviewerPageTest"/>
</testsuite> <!-- ossi.com.qa.testcases.AddReviewerPageTest -->
