<?xml version="1.0" encoding="UTF-8"?>
<!-- Generated by org.testng.reporters.JUnitReportReporter -->
<testsuite skipped="0" hostname="01-012095" name="ossi.com.qa.testcases.StartsSubmissionPageTest" tests="1" failures="0" timestamp="05 May 2020 09:25:15 GMT" time="140.606" errors="0">
  <testcase name="startSubmissionArticle" time="140.606" classname="ossi.com.qa.testcases.StartsSubmissionPageTest"/>
</testsuite> <!-- ossi.com.qa.testcases.StartsSubmissionPageTest -->
