<?xml version="1.0" encoding="UTF-8"?>
<!-- Generated by org.testng.reporters.JUnitReportReporter -->
<testsuite skipped="0" hostname="01-012095" name="ossi.com.qa.testcases.viewReviewerPageTest" tests="5" failures="0" timestamp="04 May 2020 12:26:59 GMT" time="196.256" errors="0">
  <testcase name="testOfReviewerTitle" time="33.361" classname="ossi.com.qa.testcases.viewReviewerPageTest"/>
  <testcase name="clickOnSearchWithoutSelectingNameAndUserType" time="49.575" classname="ossi.com.qa.testcases.viewReviewerPageTest"/>
  <testcase name="searchReViewerAndUserTypeIsAuthor" time="38.390" classname="ossi.com.qa.testcases.viewReviewerPageTest"/>
  <testcase name="searchReViewerAndUserTypeIsEditor" time="33.704" classname="ossi.com.qa.testcases.viewReviewerPageTest"/>
  <testcase name="searchReViewerAndUserTypeIsReviewer" time="41.226" classname="ossi.com.qa.testcases.viewReviewerPageTest"/>
</testsuite> <!-- ossi.com.qa.testcases.viewReviewerPageTest -->
