<?xml version="1.0" encoding="UTF-8"?>
<!-- Generated by org.testng.reporters.JUnitReportReporter -->
<testsuite skipped="0" hostname="01-012095" name="ossi.com.qa.testcases.HomePageTest" tests="5" failures="0" timestamp="04 May 2020 12:26:59 GMT" time="95.977" errors="0">
  <testcase name="verifyHomePageTitleTest" time="15.926" classname="ossi.com.qa.testcases.HomePageTest"/>
  <testcase name="verifyUserNameTest" time="15.418" classname="ossi.com.qa.testcases.HomePageTest"/>
  <testcase name="verifyAddReviewerLinkTest" time="16.428" classname="ossi.com.qa.testcases.HomePageTest"/>
  <testcase name="verifyViewReviewerLinkTest" time="32.400" classname="ossi.com.qa.testcases.HomePageTest"/>
  <testcase name="verifyviewBoardMemberPageTest" time="15.805" classname="ossi.com.qa.testcases.HomePageTest"/>
</testsuite> <!-- ossi.com.qa.testcases.HomePageTest -->
