<?xml version="1.0" encoding="UTF-8"?>
<!-- Generated by org.testng.reporters.JUnitReportReporter -->
<testsuite skipped="0" hostname="01-012095" name="ossi.com.qa.testcases.HomePageTest" tests="1" failures="0" timestamp="21 Apr 2020 14:24:17 GMT" time="0.005" errors="0">
  <testcase name="test1" time="0.005" classname="ossi.com.qa.testcases.HomePageTest"/>
</testsuite> <!-- ossi.com.qa.testcases.HomePageTest -->
